# JRE version: OpenJDK Runtime Environment (11.0.10+9) (build 11.0.10+9-Ubuntu-0ubuntu1.18.04)
# Java VM: OpenJDK 64-Bit Server VM (11.0.10+9-Ubuntu-0ubuntu1.18.04, mixed mode, tiered, compressed oops, g1 gc, linux-amd64)
Heap:
 garbage-first heap   total 378880K, used 114975K [0x00000000e1600000, 0x0000000100000000)
  region size 1024K, 18 young (18432K), 1 survivors (1024K)
 Metaspace       used 61537K, capacity 62340K, committed 63868K, reserved 1105920K
  class space    used 6578K, capacity 6893K, committed 7292K, reserved 1048576K
GC Heap History (20 events):
Event: 12131,836 GC heap before
{Heap before GC invocations=307 (full 0):
 garbage-first heap   total 372736K, used 239095K [0x00000000e1600000, 0x0000000100000000)
  region size 1024K, 99 young (101376K), 5 survivors (5120K)
 Metaspace       used 61434K, capacity 62209K, committed 63868K, reserved 1105920K
  class space    used 6577K, capacity 6893K, committed 7292K, reserved 1048576K
}
Event: 12132,974 GC heap after
{Heap after GC invocations=308 (full 0):
 garbage-first heap   total 372736K, used 137573K [0x00000000e1600000, 0x0000000100000000)
  region size 1024K, 4 young (4096K), 4 survivors (4096K)
 Metaspace       used 61434K, capacity 62209K, committed 63868K, reserved 1105920K
  class space    used 6577K, capacity 6893K, committed 7292K, reserved 1048576K
}
Event: 12315,075 GC heap before
{Heap before GC invocations=308 (full 0):
 garbage-first heap   total 372736K, used 151909K [0x00000000e1600000, 0x0000000100000000)
  region size 1024K, 18 young (18432K), 4 survivors (4096K)
 Metaspace       used 61434K, capacity 62209K, committed 63868K, reserved 1105920K
  class space    used 6577K, capacity 6893K, committed 7292K, reserved 1048576K
}
Event: 12315,237 GC heap after
{Heap after GC invocations=309 (full 0):
 garbage-first heap   total 372736K, used 98870K [0x00000000e1600000, 0x0000000100000000)
  region size 1024K, 1 young (1024K), 1 survivors (1024K)
 Metaspace       used 61434K, capacity 62209K, committed 63868K, reserved 1105920K
  class space    used 6577K, capacity 6893K, committed 7292K, reserved 1048576K
}
Event: 12540,070 GC heap before
{Heap before GC invocations=309 (full 0):
 garbage-first heap   total 372736K, used 116278K [0x00000000e1600000, 0x0000000100000000)
  region size 1024K, 18 young (18432K), 1 survivors (1024K)
 Metaspace       used 61434K, capacity 62209K, committed 63868K, reserved 1105920K
  class space    used 6577K, capacity 6893K, committed 7292K, reserved 1048576K
}
Event: 12540,271 GC heap after
{Heap after GC invocations=310 (full 0):
 garbage-first heap   total 372736K, used 97542K [0x00000000e1600000, 0x0000000100000000)
  region size 1024K, 1 young (1024K), 1 survivors (1024K)
 Metaspace       used 61434K, capacity 62209K, committed 63868K, reserved 1105920K
  class space    used 6577K, capacity 6893K, committed 7292K, reserved 1048576K
}
Event: 12787,566 GC heap before
{Heap before GC invocations=311 (full 0):
 garbage-first heap   total 372736K, used 369926K [0x00000000e1600000, 0x0000000100000000)
  region size 1024K, 94 young (96256K), 1 survivors (1024K)
 Metaspace       used 61532K, capacity 62340K, committed 63868K, reserved 1105920K
  class space    used 6577K, capacity 6893K, committed 7292K, reserved 1048576K
}
Event: 12787,630 GC heap after
{Heap after GC invocations=312 (full 0):
 garbage-first heap   total 378880K, used 280873K [0x00000000e1600000, 0x0000000100000000)
  region size 1024K, 6 young (6144K), 6 survivors (6144K)
 Metaspace       used 61532K, capacity 62340K, committed 63868K, reserved 1105920K
  class space    used 6577K, capacity 6893K, committed 7292K, reserved 1048576K
}
Event: 12826,278 GC heap before
{Heap before GC invocations=312 (full 0):
 garbage-first heap   total 378880K, used 293161K [0x00000000e1600000, 0x0000000100000000)
  region size 1024K, 18 young (18432K), 6 survivors (6144K)
 Metaspace       used 61532K, capacity 62340K, committed 63868K, reserved 1105920K
  class space    used 6577K, capacity 6893K, committed 7292K, reserved 1048576K
}
Event: 12826,335 GC heap after
{Heap after GC invocations=313 (full 0):
 garbage-first heap   total 378880K, used 106556K [0x00000000e1600000, 0x0000000100000000)
  region size 1024K, 1 young (1024K), 1 survivors (1024K)
 Metaspace       used 61532K, capacity 62340K, committed 63868K, reserved 1105920K
  class space    used 6577K, capacity 6893K, committed 7292K, reserved 1048576K
}
Event: 13015,964 GC heap before
{Heap before GC invocations=313 (full 0):
 garbage-first heap   total 378880K, used 169020K [0x00000000e1600000, 0x0000000100000000)
  region size 1024K, 63 young (64512K), 1 survivors (1024K)
 Metaspace       used 61533K, capacity 62340K, committed 63868K, reserved 1105920K
  class space    used 6577K, capacity 6893K, committed 7292K, reserved 1048576K
}
Event: 13016,115 GC heap after
{Heap after GC invocations=314 (full 0):
 garbage-first heap   total 378880K, used 107930K [0x00000000e1600000, 0x0000000100000000)
  region size 1024K, 2 young (2048K), 2 survivors (2048K)
 Metaspace       used 61533K, capacity 62340K, committed 63868K, reserved 1105920K
  class space    used 6577K, capacity 6893K, committed 7292K, reserved 1048576K
}
Event: 13575,235 GC heap before
{Heap before GC invocations=315 (full 0):
 garbage-first heap   total 378880K, used 293274K [0x00000000e1600000, 0x0000000100000000)
  region size 1024K, 185 young (189440K), 2 survivors (2048K)
 Metaspace       used 61534K, capacity 62340K, committed 63868K, reserved 1105920K
  class space    used 6577K, capacity 6893K, committed 7292K, reserved 1048576K
}
Event: 13575,347 GC heap after
{Heap after GC invocations=316 (full 0):
 garbage-first heap   total 378880K, used 105346K [0x00000000e1600000, 0x0000000100000000)
  region size 1024K, 2 young (2048K), 2 survivors (2048K)
 Metaspace       used 61534K, capacity 62340K, committed 63868K, reserved 1105920K
  class space    used 6577K, capacity 6893K, committed 7292K, reserved 1048576K
}
Event: 13630,203 GC heap before
{Heap before GC invocations=316 (full 0):
 garbage-first heap   total 378880K, used 121730K [0x00000000e1600000, 0x0000000100000000)
  region size 1024K, 18 young (18432K), 2 survivors (2048K)
 Metaspace       used 61534K, capacity 62340K, committed 63868K, reserved 1105920K
  class space    used 6577K, capacity 6893K, committed 7292K, reserved 1048576K
}
Event: 13630,266 GC heap after
{Heap after GC invocations=317 (full 0):
 garbage-first heap   total 378880K, used 102679K [0x00000000e1600000, 0x0000000100000000)
  region size 1024K, 1 young (1024K), 1 survivors (1024K)
 Metaspace       used 61534K, capacity 62340K, committed 63868K, reserved 1105920K
  class space    used 6577K, capacity 6893K, committed 7292K, reserved 1048576K
}
Event: 13760,756 GC heap before
{Heap before GC invocations=317 (full 0):
 garbage-first heap   total 378880K, used 143639K [0x00000000e1600000, 0x0000000100000000)
  region size 1024K, 41 young (41984K), 1 survivors (1024K)
 Metaspace       used 61534K, capacity 62340K, committed 63868K, reserved 1105920K
  class space    used 6577K, capacity 6893K, committed 7292K, reserved 1048576K
}
Event: 13760,933 GC heap after
{Heap after GC invocations=318 (full 0):
 garbage-first heap   total 378880K, used 100616K [0x00000000e1600000, 0x0000000100000000)
  region size 1024K, 1 young (1024K), 1 survivors (1024K)
 Metaspace       used 61534K, capacity 62340K, committed 63868K, reserved 1105920K
  class space    used 6577K, capacity 6893K, committed 7292K, reserved 1048576K
}
Event: 14245,391 GC heap before
{Heap before GC invocations=319 (full 0):
 garbage-first heap   total 378880K, used 243976K [0x00000000e1600000, 0x0000000100000000)
  region size 1024K, 143 young (146432K), 1 survivors (1024K)
 Metaspace       used 61534K, capacity 62340K, committed 63868K, reserved 1105920K
  class space    used 6577K, capacity 6893K, committed 7292K, reserved 1048576K
}
Event: 14245,468 GC heap after
{Heap after GC invocations=320 (full 0):
 garbage-first heap   total 378880K, used 98591K [0x00000000e1600000, 0x0000000100000000)
  region size 1024K, 1 young (1024K), 1 survivors (1024K)
 Metaspace       used 61534K, capacity 62340K, committed 63868K, reserved 1105920K
  class space    used 6577K, capacity 6893K, committed 7292K, reserved 1048576K
}

